2024-05-06 20:13:59 INFO  GooglePage:29 - Open Google page
2024-05-06 20:21:23 INFO  GooglePage:29 - Open Google page
2024-05-06 20:29:23 INFO  GooglePage:29 - Open Google page
2024-05-06 20:33:30 INFO  GooglePage:29 - Open Google page
2024-05-06 20:33:31 INFO  GooglePage:38 - Search Automation in Google
2024-05-06 20:33:31 INFO  GooglePage:43 - Perform search in Google
2024-05-06 20:35:03 INFO  GooglePage:29 - Open Google page
2024-05-06 20:35:03 INFO  GooglePage:38 - Search Epam in Google
2024-05-06 20:35:03 INFO  GooglePage:43 - Perform search in Google
2024-05-06 20:35:03 INFO  GooglePage:48 - Verify that EPAM Site is displayed after search
2024-05-06 20:47:54 INFO  GooglePage:29 - Open Google page
2024-05-06 20:47:55 INFO  GooglePage:38 - Search Epam in Google
2024-05-06 20:47:55 INFO  GooglePage:43 - Perform search in Google
2024-05-06 20:47:55 INFO  GooglePage:48 - Verify that EPAM Site is displayed after search
2024-05-06 22:51:20 INFO  GooglePage:29 - Open Google page
2024-05-06 22:51:21 INFO  GooglePage:38 - Search wordEpam in Google
2024-05-06 22:51:21 INFO  GooglePage:43 - Perform search in Google
2024-05-06 22:51:21 INFO  GooglePage:48 - Verify that EPAM Site is displayed after search
2024-05-06 22:52:06 INFO  GooglePage:29 - Open Google page
2024-05-06 22:52:06 INFO  GooglePage:38 - Search wordEpam in Google
2024-05-06 22:52:06 INFO  GooglePage:43 - Perform search in Google
2024-05-06 22:52:06 INFO  GooglePage:48 - Verify that EPAM Site is displayed after search
2024-05-06 22:53:17 INFO  GooglePage:29 - Open Google page
2024-05-06 22:53:17 FATAL GooglePage:34 - Word is missing. Please add it.
2024-05-06 22:53:17 INFO  GooglePage:43 - Perform search in Google
2024-05-06 22:54:21 INFO  GooglePage:29 - Open Google page
2024-05-06 22:54:21 INFO  GooglePage:38 - Search wordEpam in Google
2024-05-06 22:54:21 INFO  GooglePage:43 - Perform search in Google
2024-05-06 22:54:21 INFO  GooglePage:53 - Verify that EPAM is displayed in the search field after search
2024-05-06 22:57:21 INFO  GooglePage:29 - Open Google page
2024-05-06 22:57:22 INFO  GooglePage:38 - Search word 'Epam' in Google
2024-05-06 22:57:22 INFO  GooglePage:43 - Perform search in Google
2024-05-06 22:57:22 INFO  GooglePage:53 - Verify that EPAM is displayed in the search field after search
2024-05-06 22:59:13 INFO  GooglePage:29 - Open Google page
2024-05-06 22:59:13 INFO  GooglePage:38 - Search word 'Epam' in Google
2024-05-06 22:59:13 INFO  GooglePage:43 - Perform search in Google
2024-05-06 22:59:13 INFO  GooglePage:53 - Verify that EPAM is displayed in the search field after search
2024-05-06 23:01:29 INFO  GooglePage:29 - Open Google page
2024-05-06 23:01:30 INFO  GooglePage:38 - Search word 'Epam' in Google
2024-05-06 23:01:30 INFO  GooglePage:43 - Perform search in Google
2024-05-06 23:01:30 INFO  GooglePage:53 - Verify that EPAM is displayed in the search field after search
2024-05-06 23:02:02 INFO  GooglePage:29 - Open Google page
2024-05-06 23:02:02 INFO  GooglePage:38 - Search word 'Epam' in Google
2024-05-06 23:02:02 INFO  GooglePage:43 - Perform search in Google
2024-05-06 23:02:03 INFO  GooglePage:48 - Verify that EPAM Site is displayed after search
2024-05-06 23:02:04 INFO  GooglePage:29 - Open Google page
2024-05-06 23:02:04 FATAL GooglePage:34 - Word is missing. Please add it.
2024-05-06 23:02:04 INFO  GooglePage:43 - Perform search in Google
2024-05-06 23:02:04 INFO  GooglePage:29 - Open Google page
2024-05-06 23:02:05 INFO  GooglePage:38 - Search word 'Epam' in Google
2024-05-06 23:02:05 INFO  GooglePage:43 - Perform search in Google
2024-05-06 23:02:05 INFO  GooglePage:53 - Verify that EPAM is displayed in the search field after search
2024-05-06 23:04:19 INFO  GooglePage:29 - Open Google page
2024-05-06 23:04:19 INFO  GooglePage:38 - Search word 'Epam' in Google
2024-05-06 23:04:19 INFO  GooglePage:43 - Perform search in Google
2024-05-06 23:04:19 INFO  GooglePage:53 - Verify that EPAM is displayed in the search field after search
2024-05-06 23:04:50 INFO  GooglePage:29 - Open Google page
2024-05-06 23:04:50 FATAL GooglePage:34 - Word is missing. Please add it.
2024-05-06 23:04:50 INFO  GooglePage:43 - Perform search in Google
2024-05-06 23:25:05 INFO  GooglePage:30 - Open Google page
2024-05-06 23:25:06 INFO  GooglePage:39 - Search word 'Epam' in Google
2024-05-06 23:25:06 INFO  GooglePage:44 - Perform search in Google
2024-05-06 23:25:06 INFO  GooglePage:49 - Verify that EPAM Site is displayed after search
2024-05-06 23:30:33 INFO  GooglePage:30 - Open Google page
2024-05-06 23:30:34 INFO  GooglePage:39 - Search word 'Epam' in Google
2024-05-06 23:30:34 INFO  GooglePage:44 - Perform search in Google
2024-05-06 23:30:34 INFO  GooglePage:49 - Verify that EPAM Site is displayed after search
2024-05-06 23:42:35 INFO  GooglePage:30 - Open Google page
2024-05-06 23:42:36 INFO  GooglePage:39 - Search word 'Epam' in Google
2024-05-06 23:42:36 INFO  GooglePage:44 - Perform search in Google
2024-05-06 23:43:38 INFO  GooglePage:30 - Open Google page
2024-05-06 23:43:38 INFO  GooglePage:39 - Search word 'Epam' in Google
2024-05-06 23:43:38 INFO  GooglePage:44 - Perform search in Google
2024-05-06 23:44:21 INFO  GooglePage:30 - Open Google page
2024-05-06 23:44:21 INFO  GooglePage:39 - Search word 'Epam' in Google
2024-05-06 23:44:21 INFO  GooglePage:44 - Perform search in Google
2024-05-06 23:46:27 INFO  GooglePage:30 - Open Google page
2024-05-06 23:46:27 INFO  GooglePage:39 - Search word 'Epam' in Google
2024-05-06 23:46:27 INFO  GooglePage:44 - Perform search in Google
2024-05-06 23:46:28 INFO  GooglePage:62 - Print values in the EPAM list
2024-05-06 23:46:28 INFO  GooglePage:66 - Count number of values in the EPAM list
2024-05-07 10:12:56 INFO  GooglePage:31 - Open Google page
2024-05-07 10:12:56 INFO  GooglePage:40 - Search word 'Epam' in Google
2024-05-07 10:12:56 INFO  GooglePage:45 - Perform search in Google
2024-05-07 10:12:57 INFO  GooglePage:63 - Print values in the EPAM list
2024-05-07 10:15:38 INFO  GooglePage:31 - Open Google page
2024-05-07 10:15:39 INFO  GooglePage:40 - Search word 'Epam' in Google
2024-05-07 10:15:39 INFO  GooglePage:45 - Perform search in Google
2024-05-07 10:15:39 INFO  GooglePage:63 - Print values in the EPAM list
2024-05-07 10:17:20 INFO  GooglePage:31 - Open Google page
2024-05-07 10:17:20 INFO  GooglePage:40 - Search word 'Epam' in Google
2024-05-07 10:17:20 INFO  GooglePage:45 - Perform search in Google
2024-05-07 10:17:21 INFO  GooglePage:63 - Print values in the EPAM list
2024-05-07 10:17:41 INFO  GooglePage:31 - Open Google page
2024-05-07 10:17:42 INFO  GooglePage:40 - Search word 'Epam' in Google
2024-05-07 10:17:42 INFO  GooglePage:45 - Perform search in Google
2024-05-07 10:18:59 INFO  GooglePage:31 - Open Google page
2024-05-07 10:19:00 INFO  GooglePage:40 - Search word 'Epam' in Google
2024-05-07 10:19:00 INFO  GooglePage:45 - Perform search in Google
2024-05-07 10:19:00 INFO  GooglePage:63 - Print values in the EPAM list
2024-05-07 10:21:00 INFO  GooglePage:31 - Open Google page
2024-05-07 10:21:00 INFO  GooglePage:40 - Search word 'Epam' in Google
2024-05-07 10:21:00 INFO  GooglePage:45 - Perform search in Google
2024-05-07 10:21:01 INFO  GooglePage:63 - Print values in the EPAM list
2024-05-07 10:28:56 INFO  GooglePage:30 - Open Google page
2024-05-07 10:28:56 INFO  GooglePage:39 - Search word 'Epam' in Google
2024-05-07 10:28:56 INFO  GooglePage:45 - Perform search in Google
2024-05-07 10:28:56 INFO  GooglePage:64 - Print values from the EPAM menu
2024-05-07 10:28:56 INFO  GooglePage:69 - Count number of values in the EPAM list
2024-05-07 10:28:57 INFO  GooglePage:30 - Open Google page
2024-05-07 10:28:57 INFO  GooglePage:39 - Search word 'Epam' in Google
2024-05-07 10:28:57 INFO  GooglePage:45 - Perform search in Google
2024-05-07 10:28:58 INFO  GooglePage:50 - Verify that EPAM Site is displayed after search
2024-05-07 10:28:58 INFO  GooglePage:30 - Open Google page
2024-05-07 10:28:58 FATAL GooglePage:35 - Word is missing. Please add it.
2024-05-07 10:28:58 INFO  GooglePage:45 - Perform search in Google
2024-05-07 10:28:59 INFO  GooglePage:30 - Open Google page
2024-05-07 10:28:59 INFO  GooglePage:39 - Search word 'Epam' in Google
2024-05-07 10:28:59 INFO  GooglePage:45 - Perform search in Google
2024-05-07 10:28:59 INFO  GooglePage:56 - Verify that EPAM is displayed in the search field after search
2024-05-07 10:29:00 INFO  GooglePage:30 - Open Google page
2024-05-07 10:29:00 INFO  GooglePage:39 - Search word 'Epam' in Google
2024-05-07 10:29:00 INFO  GooglePage:45 - Perform search in Google
2024-05-07 10:29:01 INFO  GooglePage:64 - Print values from the EPAM menu
2024-05-07 10:30:13 INFO  GooglePage:30 - Open Google page
2024-05-07 10:30:13 FATAL GooglePage:35 - Word is missing. Please add it.
2024-05-07 10:30:13 INFO  GooglePage:45 - Perform search in Google
2024-05-07 10:30:25 INFO  GooglePage:30 - Open Google page
2024-05-07 10:30:25 FATAL GooglePage:35 - Word is missing. Please add it.
2024-05-07 10:30:25 INFO  GooglePage:45 - Perform search in Google
2024-05-07 10:33:59 INFO  GooglePage:30 - Open Google page
2024-05-07 10:33:59 INFO  GooglePage:39 - Search word '' in Google
2024-05-07 10:33:59 INFO  GooglePage:44 - Perform search in Google
2024-05-07 10:35:12 INFO  GooglePage:30 - Open Google page
2024-05-07 10:35:12 INFO  GooglePage:39 - Search word '' in Google
2024-05-07 10:35:12 INFO  GooglePage:44 - Perform search in Google
2024-05-07 10:37:41 INFO  GooglePage:30 - Open Google page
2024-05-07 10:37:41 INFO  GooglePage:39 - Search word '' in Google
2024-05-07 10:37:41 INFO  GooglePage:44 - Perform search in Google
2024-05-07 10:38:15 INFO  GooglePage:30 - Open Google page
2024-05-07 10:38:15 INFO  GooglePage:39 - Search word '' in Google
2024-05-07 10:38:15 INFO  GooglePage:44 - Perform search in Google
2024-05-07 10:39:16 INFO  GooglePage:30 - Open Google page
2024-05-07 10:39:17 INFO  GooglePage:39 - Search word 'Epam' in Google
2024-05-07 10:39:17 INFO  GooglePage:44 - Perform search in Google
2024-05-07 10:39:17 INFO  GooglePage:63 - Print values from the EPAM menu
2024-05-07 10:39:17 INFO  GooglePage:68 - Count number of values in the EPAM list
2024-05-07 10:39:17 INFO  GooglePage:30 - Open Google page
2024-05-07 10:39:18 INFO  GooglePage:39 - Search word 'Epam' in Google
2024-05-07 10:39:18 INFO  GooglePage:44 - Perform search in Google
2024-05-07 10:39:18 INFO  GooglePage:49 - Verify that EPAM Site is displayed after search
2024-05-07 10:39:19 INFO  GooglePage:30 - Open Google page
2024-05-07 10:39:19 INFO  GooglePage:39 - Search word '' in Google
2024-05-07 10:39:19 INFO  GooglePage:44 - Perform search in Google
2024-05-07 10:39:19 INFO  GooglePage:30 - Open Google page
2024-05-07 10:39:20 INFO  GooglePage:39 - Search word 'Epam' in Google
2024-05-07 10:39:20 INFO  GooglePage:44 - Perform search in Google
2024-05-07 10:39:20 INFO  GooglePage:55 - Verify that EPAM is displayed in the search field after search
2024-05-07 10:39:20 INFO  GooglePage:30 - Open Google page
2024-05-07 10:39:21 INFO  GooglePage:39 - Search word 'Epam' in Google
2024-05-07 10:39:21 INFO  GooglePage:44 - Perform search in Google
2024-05-07 10:39:21 INFO  GooglePage:63 - Print values from the EPAM menu
2024-05-07 10:40:01 INFO  GooglePage:30 - Open Google page
2024-05-07 10:40:01 INFO  GooglePage:39 - Search word 'Epam' in Google
2024-05-07 10:40:01 INFO  GooglePage:44 - Perform search in Google
2024-05-07 10:40:02 INFO  GooglePage:68 - Count number of values in the EPAM list
2024-05-07 10:40:02 INFO  GooglePage:30 - Open Google page
2024-05-07 10:40:03 INFO  GooglePage:39 - Search word 'Epam' in Google
2024-05-07 10:40:03 INFO  GooglePage:44 - Perform search in Google
2024-05-07 10:40:03 INFO  GooglePage:49 - Verify that EPAM Site is displayed after search
2024-05-07 10:40:04 INFO  GooglePage:30 - Open Google page
2024-05-07 10:40:04 INFO  GooglePage:39 - Search word '' in Google
2024-05-07 10:40:04 INFO  GooglePage:44 - Perform search in Google
2024-05-07 10:40:05 INFO  GooglePage:30 - Open Google page
2024-05-07 10:40:05 INFO  GooglePage:39 - Search word 'Epam' in Google
2024-05-07 10:40:05 INFO  GooglePage:44 - Perform search in Google
2024-05-07 10:40:05 INFO  GooglePage:55 - Verify that EPAM is displayed in the search field after search
2024-05-07 10:40:06 INFO  GooglePage:30 - Open Google page
2024-05-07 10:40:06 INFO  GooglePage:39 - Search word 'Epam' in Google
2024-05-07 10:40:06 INFO  GooglePage:44 - Perform search in Google
2024-05-07 10:40:06 INFO  GooglePage:63 - Print values from the EPAM menu
2024-05-07 10:44:31 INFO  GooglePage:30 - Open Google page
2024-05-07 10:44:31 INFO  GooglePage:39 - Search word 'Epam' in Google
2024-05-07 10:44:32 INFO  GooglePage:44 - Perform search in Google
2024-05-07 10:44:32 INFO  GooglePage:68 - Count number of values in the EPAM list
2024-05-07 10:44:32 INFO  GooglePage:30 - Open Google page
2024-05-07 10:44:33 INFO  GooglePage:39 - Search word 'Epam' in Google
2024-05-07 10:44:33 INFO  GooglePage:44 - Perform search in Google
2024-05-07 10:44:33 INFO  GooglePage:49 - Verify that EPAM Site is displayed after search
2024-05-07 10:44:34 INFO  GooglePage:30 - Open Google page
2024-05-07 10:44:34 INFO  GooglePage:39 - Search word '' in Google
2024-05-07 10:44:34 INFO  GooglePage:44 - Perform search in Google
2024-05-07 10:44:35 INFO  GooglePage:30 - Open Google page
2024-05-07 10:44:35 INFO  GooglePage:39 - Search word 'Epam' in Google
2024-05-07 10:44:35 INFO  GooglePage:44 - Perform search in Google
2024-05-07 10:44:35 INFO  GooglePage:55 - Verify that EPAM is displayed in the search field after search
2024-05-07 10:44:35 INFO  GooglePage:30 - Open Google page
2024-05-07 10:44:36 INFO  GooglePage:39 - Search word 'Epam' in Google
2024-05-07 10:44:36 INFO  GooglePage:44 - Perform search in Google
2024-05-07 10:44:37 INFO  GooglePage:63 - Print values from the EPAM menu
2024-05-07 10:44:37 INFO  GooglePage:69 - Verify menu list of EPAM
2024-05-07 10:47:08 INFO  GooglePage:30 - Open Google page
2024-05-07 10:47:09 INFO  GooglePage:39 - Search word 'Epam' in Google
2024-05-07 10:47:09 INFO  GooglePage:44 - Click on Search button
2024-05-07 10:47:09 INFO  GooglePage:68 - Count number of values in the EPAM menu
2024-05-07 10:47:10 INFO  GooglePage:30 - Open Google page
2024-05-07 10:47:10 INFO  GooglePage:39 - Search word 'Epam' in Google
2024-05-07 10:47:10 INFO  GooglePage:44 - Click on Search button
2024-05-07 10:47:10 INFO  GooglePage:49 - Verify that EPAM Site is found by search
2024-05-07 10:47:11 INFO  GooglePage:30 - Open Google page
2024-05-07 10:47:11 INFO  GooglePage:39 - Search word '' in Google
2024-05-07 10:47:11 INFO  GooglePage:44 - Click on Search button
2024-05-07 10:47:12 INFO  GooglePage:30 - Open Google page
2024-05-07 10:47:12 INFO  GooglePage:39 - Search word 'Epam' in Google
2024-05-07 10:47:12 INFO  GooglePage:44 - Click on Search button
2024-05-07 10:47:12 INFO  GooglePage:55 - Verify that searched word is displayed in the search field after search
2024-05-07 10:47:13 INFO  GooglePage:30 - Open Google page
2024-05-07 10:47:13 INFO  GooglePage:39 - Search word 'Epam' in Google
2024-05-07 10:47:13 INFO  GooglePage:44 - Click on Search button
2024-05-07 10:47:13 INFO  GooglePage:63 - Print values from the EPAM menu
2024-05-07 10:47:14 INFO  GooglePage:69 - Verify menu list of EPAM
2024-05-07 10:49:28 INFO  GooglePage:30 - Open Google page
2024-05-07 10:49:29 INFO  GooglePage:39 - Search word 'Epam' in Google
2024-05-07 10:49:29 INFO  GooglePage:44 - Click on Search button
2024-05-07 10:49:29 INFO  GooglePage:68 - Count number of values in the EPAM menu
2024-05-07 10:49:30 INFO  GooglePage:30 - Open Google page
2024-05-07 10:49:30 INFO  GooglePage:39 - Search word 'Epam' in Google
2024-05-07 10:49:30 INFO  GooglePage:44 - Click on Search button
2024-05-07 10:49:31 INFO  GooglePage:49 - Verify that EPAM Site is found by search
2024-05-07 10:49:31 INFO  GooglePage:30 - Open Google page
2024-05-07 10:49:31 INFO  GooglePage:39 - Search word '' in Google
2024-05-07 10:49:31 INFO  GooglePage:44 - Click on Search button
2024-05-07 10:49:31 INFO  GooglePage:35 - Verify that Google homepage is still opened
2024-05-07 10:49:32 INFO  GooglePage:30 - Open Google page
2024-05-07 10:49:32 INFO  GooglePage:39 - Search word 'Epam' in Google
2024-05-07 10:49:32 INFO  GooglePage:44 - Click on Search button
2024-05-07 10:49:32 INFO  GooglePage:55 - Verify that searched word is displayed in the search field after search
2024-05-07 10:49:33 INFO  GooglePage:30 - Open Google page
2024-05-07 10:49:33 INFO  GooglePage:39 - Search word 'Epam' in Google
2024-05-07 10:49:33 INFO  GooglePage:44 - Click on Search button
2024-05-07 10:49:34 INFO  GooglePage:63 - Print values from the EPAM menu
2024-05-07 10:49:34 INFO  GooglePage:70 - Verify values in the EPAM menu
2024-05-07 10:56:41 INFO  GooglePage:30 - Open Google page
2024-05-07 10:56:41 INFO  GooglePage:39 - Search word 'Epam' in Google
2024-05-07 10:56:41 INFO  GooglePage:44 - Click on Search button
2024-05-07 10:56:42 INFO  GooglePage:49 - Verify that EPAM Site is found by search
2024-05-07 10:56:43 INFO  GooglePage:30 - Open Google page
2024-05-07 10:56:43 INFO  GooglePage:39 - Search word 'Epam' in Google
2024-05-07 10:56:43 INFO  GooglePage:44 - Click on Search button
2024-05-07 10:56:43 INFO  GooglePage:55 - Verify that searched word is displayed in the search field after search
2024-05-07 10:56:44 INFO  GooglePage:30 - Open Google page
2024-05-07 10:56:44 INFO  GooglePage:39 - Search word 'Epam' in Google
2024-05-07 10:56:44 INFO  GooglePage:44 - Click on Search button
2024-05-07 10:56:44 INFO  GooglePage:68 - Count number of values in the EPAM menu
2024-05-07 10:56:45 INFO  GooglePage:30 - Open Google page
2024-05-07 10:56:46 INFO  GooglePage:39 - Search word 'Epam' in Google
2024-05-07 10:56:46 INFO  GooglePage:44 - Click on Search button
2024-05-07 10:56:46 INFO  GooglePage:63 - Print values from the EPAM menu
2024-05-07 10:56:46 INFO  GooglePage:61 - Verify values in the EPAM menu
2024-05-07 10:56:47 INFO  GooglePage:30 - Open Google page
2024-05-07 10:56:47 INFO  GooglePage:39 - Search word '' in Google
2024-05-07 10:56:47 INFO  GooglePage:44 - Click on Search button
2024-05-07 10:56:47 INFO  GooglePage:73 - Verify that Google homepage is still opened
2024-05-07 10:58:39 INFO  GooglePage:30 - Open Google page
2024-05-07 10:58:39 INFO  GooglePage:39 - Search word '' in Google
2024-05-07 10:58:39 INFO  GooglePage:44 - Click on Search button
2024-05-07 10:58:39 INFO  GooglePage:73 - Verify that Google homepage is still opened
2024-05-07 11:13:22 INFO  GooglePage:30 - Open Google page
2024-05-07 11:13:22 INFO  GooglePage:39 - Search word '' in Google
2024-05-07 11:13:22 INFO  GooglePage:44 - Click on Search button
2024-05-07 11:13:22 INFO  GooglePage:72 - Verify that Google homepage is still opened
2024-05-07 11:16:39 INFO  GooglePage:31 - Open Google page
2024-05-07 11:16:39 INFO  GooglePage:40 - Search word '' in Google
2024-05-07 11:16:39 INFO  GooglePage:45 - Click on Search button
2024-05-07 11:16:39 INFO  GooglePage:71 - Verify that Google homepage is still opened
2024-05-07 11:18:27 INFO  GooglePage:31 - Open Google page
2024-05-07 11:18:28 INFO  GooglePage:40 - Search word '' in Google
2024-05-07 11:18:28 INFO  GooglePage:45 - Click on Search button
2024-05-07 11:18:28 INFO  GooglePage:78 - Get current url
2024-05-07 11:18:28 INFO  GooglePage:71 - Verify that Google homepage is still opened
2024-05-07 11:21:31 INFO  GooglePage:31 - Open Google page
2024-05-07 11:21:32 INFO  GooglePage:31 - Open Google page
2024-05-07 11:21:32 INFO  GooglePage:31 - Open Google page
2024-05-07 11:21:33 INFO  GooglePage:31 - Open Google page
2024-05-07 11:27:41 INFO  GooglePage:31 - Open Google page
2024-05-07 11:27:41 INFO  GooglePage:37 - Search word 'Epam' in Google
2024-05-07 11:27:41 INFO  GooglePage:42 - Click on Search button
2024-05-07 11:27:42 INFO  GooglePage:47 - Verify that EPAM Site is found by search
2024-05-07 11:27:42 INFO  GooglePage:31 - Open Google page
2024-05-07 11:27:43 INFO  GooglePage:37 - Search word 'Epam' in Google
2024-05-07 11:27:43 INFO  GooglePage:42 - Click on Search button
2024-05-07 11:27:43 INFO  GooglePage:53 - Verify that searched word is displayed in the search field after search
2024-05-07 11:27:43 INFO  GooglePage:31 - Open Google page
2024-05-07 11:27:43 INFO  GooglePage:37 - Search word 'Epam' in Google
2024-05-07 11:27:43 INFO  GooglePage:42 - Click on Search button
2024-05-07 11:27:44 INFO  GooglePage:66 - Count number of values in the EPAM menu
2024-05-07 11:27:44 INFO  GooglePage:31 - Open Google page
2024-05-07 11:27:45 INFO  GooglePage:37 - Search word 'Epam' in Google
2024-05-07 11:27:45 INFO  GooglePage:42 - Click on Search button
2024-05-07 11:27:45 INFO  GooglePage:61 - Print values from the EPAM menu
2024-05-07 11:27:45 INFO  GooglePage:60 - Verify values in the EPAM menu
2024-05-07 11:27:46 INFO  GooglePage:31 - Open Google page
2024-05-07 11:27:46 INFO  GooglePage:37 - Search word '' in Google
2024-05-07 11:27:46 INFO  GooglePage:42 - Click on Search button
2024-05-07 11:27:46 INFO  GooglePage:75 - Get current url
2024-05-07 11:27:46 INFO  GooglePage:71 - Verify that Google homepage is still opened
